2018-11-19 17:18:24 INFO  Version:37 - HCANN000001: Hibernate Commons Annotations {4.0.1.Final}
2018-11-19 17:18:24 INFO  Version:41 - HHH000412: Hibernate Core {4.0.1.Final}
2018-11-19 17:18:24 INFO  Environment:239 - HHH000206: hibernate.properties not found
2018-11-19 17:18:24 INFO  Environment:342 - HHH000021: Bytecode provider name : javassist
2018-11-19 17:18:24 INFO  Configuration:1920 - HHH000043: Configuring from resource: /hibernate.cfg.xml
2018-11-19 17:18:24 INFO  Configuration:1939 - HHH000040: Configuration resource: /hibernate.cfg.xml
2018-11-19 17:18:24 INFO  Configuration:714 - HHH000221: Reading mappings from resource: clases/Examen.hbm.xml
2018-11-19 17:18:24 INFO  Configuration:714 - HHH000221: Reading mappings from resource: clases/Alumne.hbm.xml
2018-11-19 17:18:24 INFO  Configuration:714 - HHH000221: Reading mappings from resource: clases/Vehicle.hbm.xml
2018-11-19 17:18:24 INFO  Configuration:714 - HHH000221: Reading mappings from resource: clases/Professor.hbm.xml
2018-11-19 17:18:24 INFO  Configuration:714 - HHH000221: Reading mappings from resource: clases/Practiques.hbm.xml
2018-11-19 17:18:24 INFO  Configuration:2061 - HHH000041: Configured SessionFactory: null
2018-11-19 17:18:24 INFO  DriverManagerConnectionProviderImpl:90 - HHH000402: Using Hibernate built-in connection pool (not for production use!)
2018-11-19 17:18:24 INFO  DriverManagerConnectionProviderImpl:110 - HHH000115: Hibernate connection pool size: 20
2018-11-19 17:18:24 INFO  DriverManagerConnectionProviderImpl:113 - HHH000006: Autocommit mode: false
2018-11-19 17:18:24 INFO  DriverManagerConnectionProviderImpl:127 - HHH000401: using driver [org.postgresql.Driver] at URL [jdbc:postgresql://89.36.214.106/autoescola]
2018-11-19 17:18:24 INFO  DriverManagerConnectionProviderImpl:132 - HHH000046: Connection properties: {password=****, user=autoescola}
2018-11-19 17:18:24 INFO  Dialect:121 - HHH000400: Using dialect: org.hibernate.dialect.PostgreSQLDialect
2018-11-19 17:18:24 INFO  LobCreatorBuilder:85 - HHH000422: Disabling contextual LOB creation as connection was null
2018-11-19 17:18:24 INFO  TransactionFactoryInitiator:68 - HHH000399: Using default transaction strategy (direct JDBC transactions)
2018-11-19 17:18:24 INFO  ASTQueryTranslatorFactory:48 - HHH000397: Using ASTQueryTranslatorFactory
2018-11-19 17:18:52 INFO  Version:37 - HCANN000001: Hibernate Commons Annotations {4.0.1.Final}
2018-11-19 17:18:52 INFO  Version:41 - HHH000412: Hibernate Core {4.0.1.Final}
2018-11-19 17:18:52 INFO  Environment:239 - HHH000206: hibernate.properties not found
2018-11-19 17:18:52 INFO  Environment:342 - HHH000021: Bytecode provider name : javassist
2018-11-19 17:18:52 INFO  Configuration:1920 - HHH000043: Configuring from resource: /hibernate.cfg.xml
2018-11-19 17:18:52 INFO  Configuration:1939 - HHH000040: Configuration resource: /hibernate.cfg.xml
2018-11-19 17:18:52 INFO  Configuration:714 - HHH000221: Reading mappings from resource: clases/Examen.hbm.xml
2018-11-19 17:18:52 INFO  Configuration:714 - HHH000221: Reading mappings from resource: clases/Alumne.hbm.xml
2018-11-19 17:18:52 INFO  Configuration:714 - HHH000221: Reading mappings from resource: clases/Vehicle.hbm.xml
2018-11-19 17:18:52 INFO  Configuration:714 - HHH000221: Reading mappings from resource: clases/Professor.hbm.xml
2018-11-19 17:18:52 INFO  Configuration:714 - HHH000221: Reading mappings from resource: clases/Practiques.hbm.xml
2018-11-19 17:18:52 INFO  Configuration:2061 - HHH000041: Configured SessionFactory: null
2018-11-19 17:18:53 INFO  DriverManagerConnectionProviderImpl:90 - HHH000402: Using Hibernate built-in connection pool (not for production use!)
2018-11-19 17:18:53 INFO  DriverManagerConnectionProviderImpl:110 - HHH000115: Hibernate connection pool size: 20
2018-11-19 17:18:53 INFO  DriverManagerConnectionProviderImpl:113 - HHH000006: Autocommit mode: false
2018-11-19 17:18:53 INFO  DriverManagerConnectionProviderImpl:127 - HHH000401: using driver [org.postgresql.Driver] at URL [jdbc:postgresql://89.36.214.106/autoescola]
2018-11-19 17:18:53 INFO  DriverManagerConnectionProviderImpl:132 - HHH000046: Connection properties: {password=****, user=autoescola}
2018-11-19 17:18:53 INFO  Dialect:121 - HHH000400: Using dialect: org.hibernate.dialect.PostgreSQLDialect
2018-11-19 17:18:53 INFO  LobCreatorBuilder:85 - HHH000422: Disabling contextual LOB creation as connection was null
2018-11-19 17:18:53 INFO  TransactionFactoryInitiator:68 - HHH000399: Using default transaction strategy (direct JDBC transactions)
2018-11-19 17:18:53 INFO  ASTQueryTranslatorFactory:48 - HHH000397: Using ASTQueryTranslatorFactory
2018-11-19 17:19:12 INFO  Version:37 - HCANN000001: Hibernate Commons Annotations {4.0.1.Final}
2018-11-19 17:19:12 INFO  Version:41 - HHH000412: Hibernate Core {4.0.1.Final}
2018-11-19 17:19:12 INFO  Environment:239 - HHH000206: hibernate.properties not found
2018-11-19 17:19:12 INFO  Environment:342 - HHH000021: Bytecode provider name : javassist
2018-11-19 17:19:12 INFO  Configuration:1920 - HHH000043: Configuring from resource: /hibernate.cfg.xml
2018-11-19 17:19:12 INFO  Configuration:1939 - HHH000040: Configuration resource: /hibernate.cfg.xml
2018-11-19 17:19:12 INFO  Configuration:714 - HHH000221: Reading mappings from resource: clases/Examen.hbm.xml
2018-11-19 17:19:12 INFO  Configuration:714 - HHH000221: Reading mappings from resource: clases/Alumne.hbm.xml
2018-11-19 17:19:12 INFO  Configuration:714 - HHH000221: Reading mappings from resource: clases/Vehicle.hbm.xml
2018-11-19 17:19:12 INFO  Configuration:714 - HHH000221: Reading mappings from resource: clases/Professor.hbm.xml
2018-11-19 17:19:12 INFO  Configuration:714 - HHH000221: Reading mappings from resource: clases/Practiques.hbm.xml
2018-11-19 17:19:12 INFO  Configuration:2061 - HHH000041: Configured SessionFactory: null
2018-11-19 17:19:12 INFO  DriverManagerConnectionProviderImpl:90 - HHH000402: Using Hibernate built-in connection pool (not for production use!)
2018-11-19 17:19:12 INFO  DriverManagerConnectionProviderImpl:110 - HHH000115: Hibernate connection pool size: 20
2018-11-19 17:19:12 INFO  DriverManagerConnectionProviderImpl:113 - HHH000006: Autocommit mode: false
2018-11-19 17:19:12 INFO  DriverManagerConnectionProviderImpl:127 - HHH000401: using driver [org.postgresql.Driver] at URL [jdbc:postgresql://89.36.214.106/autoescola]
2018-11-19 17:19:12 INFO  DriverManagerConnectionProviderImpl:132 - HHH000046: Connection properties: {password=****, user=autoescola}
2018-11-19 17:19:12 INFO  Dialect:121 - HHH000400: Using dialect: org.hibernate.dialect.PostgreSQLDialect
2018-11-19 17:19:12 INFO  LobCreatorBuilder:85 - HHH000422: Disabling contextual LOB creation as connection was null
2018-11-19 17:19:12 INFO  TransactionFactoryInitiator:68 - HHH000399: Using default transaction strategy (direct JDBC transactions)
2018-11-19 17:19:12 INFO  ASTQueryTranslatorFactory:48 - HHH000397: Using ASTQueryTranslatorFactory
2018-11-19 17:20:18 INFO  Version:37 - HCANN000001: Hibernate Commons Annotations {4.0.1.Final}
2018-11-19 17:20:18 INFO  Version:41 - HHH000412: Hibernate Core {4.0.1.Final}
2018-11-19 17:20:18 INFO  Environment:239 - HHH000206: hibernate.properties not found
2018-11-19 17:20:18 INFO  Environment:342 - HHH000021: Bytecode provider name : javassist
2018-11-19 17:20:18 INFO  Configuration:1920 - HHH000043: Configuring from resource: /hibernate.cfg.xml
2018-11-19 17:20:18 INFO  Configuration:1939 - HHH000040: Configuration resource: /hibernate.cfg.xml
2018-11-19 17:20:18 INFO  Configuration:714 - HHH000221: Reading mappings from resource: clases/Examen.hbm.xml
2018-11-19 17:20:18 INFO  Configuration:714 - HHH000221: Reading mappings from resource: clases/Alumne.hbm.xml
2018-11-19 17:20:18 INFO  Configuration:714 - HHH000221: Reading mappings from resource: clases/Vehicle.hbm.xml
2018-11-19 17:20:18 INFO  Configuration:714 - HHH000221: Reading mappings from resource: clases/Professor.hbm.xml
2018-11-19 17:20:18 INFO  Configuration:714 - HHH000221: Reading mappings from resource: clases/Practiques.hbm.xml
2018-11-19 17:20:18 INFO  Configuration:2061 - HHH000041: Configured SessionFactory: null
2018-11-19 17:20:18 INFO  DriverManagerConnectionProviderImpl:90 - HHH000402: Using Hibernate built-in connection pool (not for production use!)
2018-11-19 17:20:18 INFO  DriverManagerConnectionProviderImpl:110 - HHH000115: Hibernate connection pool size: 20
2018-11-19 17:20:18 INFO  DriverManagerConnectionProviderImpl:113 - HHH000006: Autocommit mode: false
2018-11-19 17:20:18 INFO  DriverManagerConnectionProviderImpl:127 - HHH000401: using driver [org.postgresql.Driver] at URL [jdbc:postgresql://89.36.214.106/autoescola]
2018-11-19 17:20:18 INFO  DriverManagerConnectionProviderImpl:132 - HHH000046: Connection properties: {password=****, user=autoescola}
2018-11-19 17:20:18 INFO  Dialect:121 - HHH000400: Using dialect: org.hibernate.dialect.PostgreSQLDialect
2018-11-19 17:20:18 INFO  LobCreatorBuilder:85 - HHH000422: Disabling contextual LOB creation as connection was null
2018-11-19 17:20:18 INFO  TransactionFactoryInitiator:68 - HHH000399: Using default transaction strategy (direct JDBC transactions)
2018-11-19 17:20:18 INFO  ASTQueryTranslatorFactory:48 - HHH000397: Using ASTQueryTranslatorFactory
2018-11-19 17:20:38 INFO  Version:37 - HCANN000001: Hibernate Commons Annotations {4.0.1.Final}
2018-11-19 17:20:38 INFO  Version:41 - HHH000412: Hibernate Core {4.0.1.Final}
2018-11-19 17:20:38 INFO  Environment:239 - HHH000206: hibernate.properties not found
2018-11-19 17:20:38 INFO  Environment:342 - HHH000021: Bytecode provider name : javassist
2018-11-19 17:20:38 INFO  Configuration:1920 - HHH000043: Configuring from resource: /hibernate.cfg.xml
2018-11-19 17:20:38 INFO  Configuration:1939 - HHH000040: Configuration resource: /hibernate.cfg.xml
2018-11-19 17:20:38 INFO  Configuration:714 - HHH000221: Reading mappings from resource: clases/Examen.hbm.xml
2018-11-19 17:20:38 INFO  Configuration:714 - HHH000221: Reading mappings from resource: clases/Alumne.hbm.xml
2018-11-19 17:20:38 INFO  Configuration:714 - HHH000221: Reading mappings from resource: clases/Vehicle.hbm.xml
2018-11-19 17:20:38 INFO  Configuration:714 - HHH000221: Reading mappings from resource: clases/Professor.hbm.xml
2018-11-19 17:20:38 INFO  Configuration:714 - HHH000221: Reading mappings from resource: clases/Practiques.hbm.xml
2018-11-19 17:20:38 INFO  Configuration:2061 - HHH000041: Configured SessionFactory: null
2018-11-19 17:20:39 INFO  DriverManagerConnectionProviderImpl:90 - HHH000402: Using Hibernate built-in connection pool (not for production use!)
2018-11-19 17:20:39 INFO  DriverManagerConnectionProviderImpl:110 - HHH000115: Hibernate connection pool size: 20
2018-11-19 17:20:39 INFO  DriverManagerConnectionProviderImpl:113 - HHH000006: Autocommit mode: false
2018-11-19 17:20:39 INFO  DriverManagerConnectionProviderImpl:127 - HHH000401: using driver [org.postgresql.Driver] at URL [jdbc:postgresql://89.36.214.106/autoescola]
2018-11-19 17:20:39 INFO  DriverManagerConnectionProviderImpl:132 - HHH000046: Connection properties: {password=****, user=autoescola}
2018-11-19 17:20:39 INFO  Dialect:121 - HHH000400: Using dialect: org.hibernate.dialect.PostgreSQLDialect
2018-11-19 17:20:39 INFO  LobCreatorBuilder:85 - HHH000422: Disabling contextual LOB creation as connection was null
2018-11-19 17:20:39 INFO  TransactionFactoryInitiator:68 - HHH000399: Using default transaction strategy (direct JDBC transactions)
2018-11-19 17:20:39 INFO  ASTQueryTranslatorFactory:48 - HHH000397: Using ASTQueryTranslatorFactory
2018-11-19 17:21:12 INFO  Version:37 - HCANN000001: Hibernate Commons Annotations {4.0.1.Final}
2018-11-19 17:21:12 INFO  Version:41 - HHH000412: Hibernate Core {4.0.1.Final}
2018-11-19 17:21:12 INFO  Environment:239 - HHH000206: hibernate.properties not found
2018-11-19 17:21:12 INFO  Environment:342 - HHH000021: Bytecode provider name : javassist
2018-11-19 17:21:13 INFO  Configuration:1920 - HHH000043: Configuring from resource: /hibernate.cfg.xml
2018-11-19 17:21:13 INFO  Configuration:1939 - HHH000040: Configuration resource: /hibernate.cfg.xml
2018-11-19 17:21:13 INFO  Configuration:714 - HHH000221: Reading mappings from resource: clases/Examen.hbm.xml
2018-11-19 17:21:13 INFO  Configuration:714 - HHH000221: Reading mappings from resource: clases/Alumne.hbm.xml
2018-11-19 17:21:13 INFO  Configuration:714 - HHH000221: Reading mappings from resource: clases/Vehicle.hbm.xml
2018-11-19 17:21:13 INFO  Configuration:714 - HHH000221: Reading mappings from resource: clases/Professor.hbm.xml
2018-11-19 17:21:13 INFO  Configuration:714 - HHH000221: Reading mappings from resource: clases/Practiques.hbm.xml
2018-11-19 17:21:13 INFO  Configuration:2061 - HHH000041: Configured SessionFactory: null
2018-11-19 17:21:13 INFO  DriverManagerConnectionProviderImpl:90 - HHH000402: Using Hibernate built-in connection pool (not for production use!)
2018-11-19 17:21:13 INFO  DriverManagerConnectionProviderImpl:110 - HHH000115: Hibernate connection pool size: 20
2018-11-19 17:21:13 INFO  DriverManagerConnectionProviderImpl:113 - HHH000006: Autocommit mode: false
2018-11-19 17:21:13 INFO  DriverManagerConnectionProviderImpl:127 - HHH000401: using driver [org.postgresql.Driver] at URL [jdbc:postgresql://89.36.214.106/autoescola]
2018-11-19 17:21:13 INFO  DriverManagerConnectionProviderImpl:132 - HHH000046: Connection properties: {password=****, user=autoescola}
2018-11-19 17:21:13 INFO  Dialect:121 - HHH000400: Using dialect: org.hibernate.dialect.PostgreSQLDialect
2018-11-19 17:21:13 INFO  LobCreatorBuilder:85 - HHH000422: Disabling contextual LOB creation as connection was null
2018-11-19 17:21:13 INFO  TransactionFactoryInitiator:68 - HHH000399: Using default transaction strategy (direct JDBC transactions)
2018-11-19 17:21:13 INFO  ASTQueryTranslatorFactory:48 - HHH000397: Using ASTQueryTranslatorFactory
2018-11-19 17:21:24 INFO  Version:37 - HCANN000001: Hibernate Commons Annotations {4.0.1.Final}
2018-11-19 17:21:24 INFO  Version:41 - HHH000412: Hibernate Core {4.0.1.Final}
2018-11-19 17:21:24 INFO  Environment:239 - HHH000206: hibernate.properties not found
2018-11-19 17:21:24 INFO  Environment:342 - HHH000021: Bytecode provider name : javassist
2018-11-19 17:21:24 INFO  Configuration:1920 - HHH000043: Configuring from resource: /hibernate.cfg.xml
2018-11-19 17:21:24 INFO  Configuration:1939 - HHH000040: Configuration resource: /hibernate.cfg.xml
2018-11-19 17:21:24 INFO  Configuration:714 - HHH000221: Reading mappings from resource: clases/Examen.hbm.xml
2018-11-19 17:21:24 INFO  Configuration:714 - HHH000221: Reading mappings from resource: clases/Alumne.hbm.xml
2018-11-19 17:21:24 INFO  Configuration:714 - HHH000221: Reading mappings from resource: clases/Vehicle.hbm.xml
2018-11-19 17:21:25 INFO  Configuration:714 - HHH000221: Reading mappings from resource: clases/Professor.hbm.xml
2018-11-19 17:21:25 INFO  Configuration:714 - HHH000221: Reading mappings from resource: clases/Practiques.hbm.xml
2018-11-19 17:21:25 INFO  Configuration:2061 - HHH000041: Configured SessionFactory: null
2018-11-19 17:21:25 INFO  DriverManagerConnectionProviderImpl:90 - HHH000402: Using Hibernate built-in connection pool (not for production use!)
2018-11-19 17:21:25 INFO  DriverManagerConnectionProviderImpl:110 - HHH000115: Hibernate connection pool size: 20
2018-11-19 17:21:25 INFO  DriverManagerConnectionProviderImpl:113 - HHH000006: Autocommit mode: false
2018-11-19 17:21:25 INFO  DriverManagerConnectionProviderImpl:127 - HHH000401: using driver [org.postgresql.Driver] at URL [jdbc:postgresql://89.36.214.106/autoescola]
2018-11-19 17:21:25 INFO  DriverManagerConnectionProviderImpl:132 - HHH000046: Connection properties: {password=****, user=autoescola}
2018-11-19 17:21:25 INFO  Dialect:121 - HHH000400: Using dialect: org.hibernate.dialect.PostgreSQLDialect
2018-11-19 17:21:25 INFO  LobCreatorBuilder:85 - HHH000422: Disabling contextual LOB creation as connection was null
2018-11-19 17:21:25 INFO  TransactionFactoryInitiator:68 - HHH000399: Using default transaction strategy (direct JDBC transactions)
2018-11-19 17:21:25 INFO  ASTQueryTranslatorFactory:48 - HHH000397: Using ASTQueryTranslatorFactory
2018-11-19 17:21:49 INFO  Version:37 - HCANN000001: Hibernate Commons Annotations {4.0.1.Final}
2018-11-19 17:21:49 INFO  Version:41 - HHH000412: Hibernate Core {4.0.1.Final}
2018-11-19 17:21:49 INFO  Environment:239 - HHH000206: hibernate.properties not found
2018-11-19 17:21:49 INFO  Environment:342 - HHH000021: Bytecode provider name : javassist
2018-11-19 17:21:49 INFO  Configuration:1920 - HHH000043: Configuring from resource: /hibernate.cfg.xml
2018-11-19 17:21:49 INFO  Configuration:1939 - HHH000040: Configuration resource: /hibernate.cfg.xml
2018-11-19 17:21:49 INFO  Configuration:714 - HHH000221: Reading mappings from resource: clases/Examen.hbm.xml
2018-11-19 17:21:49 INFO  Configuration:714 - HHH000221: Reading mappings from resource: clases/Alumne.hbm.xml
2018-11-19 17:21:49 INFO  Configuration:714 - HHH000221: Reading mappings from resource: clases/Vehicle.hbm.xml
2018-11-19 17:21:49 INFO  Configuration:714 - HHH000221: Reading mappings from resource: clases/Professor.hbm.xml
2018-11-19 17:21:49 INFO  Configuration:714 - HHH000221: Reading mappings from resource: clases/Practiques.hbm.xml
2018-11-19 17:21:49 INFO  Configuration:2061 - HHH000041: Configured SessionFactory: null
2018-11-19 17:21:49 INFO  DriverManagerConnectionProviderImpl:90 - HHH000402: Using Hibernate built-in connection pool (not for production use!)
2018-11-19 17:21:49 INFO  DriverManagerConnectionProviderImpl:110 - HHH000115: Hibernate connection pool size: 20
2018-11-19 17:21:49 INFO  DriverManagerConnectionProviderImpl:113 - HHH000006: Autocommit mode: false
2018-11-19 17:21:49 INFO  DriverManagerConnectionProviderImpl:127 - HHH000401: using driver [org.postgresql.Driver] at URL [jdbc:postgresql://89.36.214.106/autoescola]
2018-11-19 17:21:49 INFO  DriverManagerConnectionProviderImpl:132 - HHH000046: Connection properties: {password=****, user=autoescola}
2018-11-19 17:21:49 INFO  Dialect:121 - HHH000400: Using dialect: org.hibernate.dialect.PostgreSQLDialect
2018-11-19 17:21:49 INFO  LobCreatorBuilder:85 - HHH000422: Disabling contextual LOB creation as connection was null
2018-11-19 17:21:49 INFO  TransactionFactoryInitiator:68 - HHH000399: Using default transaction strategy (direct JDBC transactions)
2018-11-19 17:21:49 INFO  ASTQueryTranslatorFactory:48 - HHH000397: Using ASTQueryTranslatorFactory
2018-11-19 17:21:59 INFO  Version:37 - HCANN000001: Hibernate Commons Annotations {4.0.1.Final}
2018-11-19 17:21:59 INFO  Version:41 - HHH000412: Hibernate Core {4.0.1.Final}
2018-11-19 17:21:59 INFO  Environment:239 - HHH000206: hibernate.properties not found
2018-11-19 17:21:59 INFO  Environment:342 - HHH000021: Bytecode provider name : javassist
2018-11-19 17:21:59 INFO  Configuration:1920 - HHH000043: Configuring from resource: /hibernate.cfg.xml
2018-11-19 17:21:59 INFO  Configuration:1939 - HHH000040: Configuration resource: /hibernate.cfg.xml
2018-11-19 17:21:59 INFO  Configuration:714 - HHH000221: Reading mappings from resource: clases/Examen.hbm.xml
2018-11-19 17:21:59 INFO  Configuration:714 - HHH000221: Reading mappings from resource: clases/Alumne.hbm.xml
2018-11-19 17:21:59 INFO  Configuration:714 - HHH000221: Reading mappings from resource: clases/Vehicle.hbm.xml
2018-11-19 17:21:59 INFO  Configuration:714 - HHH000221: Reading mappings from resource: clases/Professor.hbm.xml
2018-11-19 17:21:59 INFO  Configuration:714 - HHH000221: Reading mappings from resource: clases/Practiques.hbm.xml
2018-11-19 17:21:59 INFO  Configuration:2061 - HHH000041: Configured SessionFactory: null
2018-11-19 17:22:00 INFO  DriverManagerConnectionProviderImpl:90 - HHH000402: Using Hibernate built-in connection pool (not for production use!)
2018-11-19 17:22:00 INFO  DriverManagerConnectionProviderImpl:110 - HHH000115: Hibernate connection pool size: 20
2018-11-19 17:22:00 INFO  DriverManagerConnectionProviderImpl:113 - HHH000006: Autocommit mode: false
2018-11-19 17:22:00 INFO  DriverManagerConnectionProviderImpl:127 - HHH000401: using driver [org.postgresql.Driver] at URL [jdbc:postgresql://89.36.214.106/autoescola]
2018-11-19 17:22:00 INFO  DriverManagerConnectionProviderImpl:132 - HHH000046: Connection properties: {password=****, user=autoescola}
2018-11-19 17:22:00 INFO  Dialect:121 - HHH000400: Using dialect: org.hibernate.dialect.PostgreSQLDialect
2018-11-19 17:22:00 INFO  LobCreatorBuilder:85 - HHH000422: Disabling contextual LOB creation as connection was null
2018-11-19 17:22:00 INFO  TransactionFactoryInitiator:68 - HHH000399: Using default transaction strategy (direct JDBC transactions)
2018-11-19 17:22:00 INFO  ASTQueryTranslatorFactory:48 - HHH000397: Using ASTQueryTranslatorFactory
2018-11-19 17:22:07 INFO  Version:37 - HCANN000001: Hibernate Commons Annotations {4.0.1.Final}
2018-11-19 17:22:07 INFO  Version:41 - HHH000412: Hibernate Core {4.0.1.Final}
2018-11-19 17:22:07 INFO  Environment:239 - HHH000206: hibernate.properties not found
2018-11-19 17:22:07 INFO  Environment:342 - HHH000021: Bytecode provider name : javassist
2018-11-19 17:22:07 INFO  Configuration:1920 - HHH000043: Configuring from resource: /hibernate.cfg.xml
2018-11-19 17:22:07 INFO  Configuration:1939 - HHH000040: Configuration resource: /hibernate.cfg.xml
2018-11-19 17:22:07 INFO  Configuration:714 - HHH000221: Reading mappings from resource: clases/Examen.hbm.xml
2018-11-19 17:22:07 INFO  Configuration:714 - HHH000221: Reading mappings from resource: clases/Alumne.hbm.xml
2018-11-19 17:22:07 INFO  Configuration:714 - HHH000221: Reading mappings from resource: clases/Vehicle.hbm.xml
2018-11-19 17:22:07 INFO  Configuration:714 - HHH000221: Reading mappings from resource: clases/Professor.hbm.xml
2018-11-19 17:22:07 INFO  Configuration:714 - HHH000221: Reading mappings from resource: clases/Practiques.hbm.xml
2018-11-19 17:22:07 INFO  Configuration:2061 - HHH000041: Configured SessionFactory: null
2018-11-19 17:22:07 INFO  DriverManagerConnectionProviderImpl:90 - HHH000402: Using Hibernate built-in connection pool (not for production use!)
2018-11-19 17:22:07 INFO  DriverManagerConnectionProviderImpl:110 - HHH000115: Hibernate connection pool size: 20
2018-11-19 17:22:07 INFO  DriverManagerConnectionProviderImpl:113 - HHH000006: Autocommit mode: false
2018-11-19 17:22:07 INFO  DriverManagerConnectionProviderImpl:127 - HHH000401: using driver [org.postgresql.Driver] at URL [jdbc:postgresql://89.36.214.106/autoescola]
2018-11-19 17:22:07 INFO  DriverManagerConnectionProviderImpl:132 - HHH000046: Connection properties: {password=****, user=autoescola}
2018-11-19 17:22:07 INFO  Dialect:121 - HHH000400: Using dialect: org.hibernate.dialect.PostgreSQLDialect
2018-11-19 17:22:07 INFO  LobCreatorBuilder:85 - HHH000422: Disabling contextual LOB creation as connection was null
2018-11-19 17:22:07 INFO  TransactionFactoryInitiator:68 - HHH000399: Using default transaction strategy (direct JDBC transactions)
2018-11-19 17:22:07 INFO  ASTQueryTranslatorFactory:48 - HHH000397: Using ASTQueryTranslatorFactory
2018-11-19 17:22:29 INFO  Version:37 - HCANN000001: Hibernate Commons Annotations {4.0.1.Final}
2018-11-19 17:22:29 INFO  Version:41 - HHH000412: Hibernate Core {4.0.1.Final}
2018-11-19 17:22:29 INFO  Environment:239 - HHH000206: hibernate.properties not found
2018-11-19 17:22:29 INFO  Environment:342 - HHH000021: Bytecode provider name : javassist
2018-11-19 17:22:29 INFO  Configuration:1920 - HHH000043: Configuring from resource: /hibernate.cfg.xml
2018-11-19 17:22:29 INFO  Configuration:1939 - HHH000040: Configuration resource: /hibernate.cfg.xml
2018-11-19 17:22:29 INFO  Configuration:714 - HHH000221: Reading mappings from resource: clases/Examen.hbm.xml
2018-11-19 17:22:29 INFO  Configuration:714 - HHH000221: Reading mappings from resource: clases/Alumne.hbm.xml
2018-11-19 17:22:29 INFO  Configuration:714 - HHH000221: Reading mappings from resource: clases/Vehicle.hbm.xml
2018-11-19 17:22:29 INFO  Configuration:714 - HHH000221: Reading mappings from resource: clases/Professor.hbm.xml
2018-11-19 17:22:29 INFO  Configuration:714 - HHH000221: Reading mappings from resource: clases/Practiques.hbm.xml
2018-11-19 17:22:29 INFO  Configuration:2061 - HHH000041: Configured SessionFactory: null
2018-11-19 17:22:29 INFO  DriverManagerConnectionProviderImpl:90 - HHH000402: Using Hibernate built-in connection pool (not for production use!)
2018-11-19 17:22:29 INFO  DriverManagerConnectionProviderImpl:110 - HHH000115: Hibernate connection pool size: 20
2018-11-19 17:22:29 INFO  DriverManagerConnectionProviderImpl:113 - HHH000006: Autocommit mode: false
2018-11-19 17:22:29 INFO  DriverManagerConnectionProviderImpl:127 - HHH000401: using driver [org.postgresql.Driver] at URL [jdbc:postgresql://89.36.214.106/autoescola]
2018-11-19 17:22:29 INFO  DriverManagerConnectionProviderImpl:132 - HHH000046: Connection properties: {password=****, user=autoescola}
2018-11-19 17:22:29 INFO  Dialect:121 - HHH000400: Using dialect: org.hibernate.dialect.PostgreSQLDialect
2018-11-19 17:22:29 INFO  LobCreatorBuilder:85 - HHH000422: Disabling contextual LOB creation as connection was null
2018-11-19 17:22:29 INFO  TransactionFactoryInitiator:68 - HHH000399: Using default transaction strategy (direct JDBC transactions)
2018-11-19 17:22:29 INFO  ASTQueryTranslatorFactory:48 - HHH000397: Using ASTQueryTranslatorFactory
2018-11-19 17:23:29 INFO  Version:37 - HCANN000001: Hibernate Commons Annotations {4.0.1.Final}
2018-11-19 17:23:29 INFO  Version:41 - HHH000412: Hibernate Core {4.0.1.Final}
2018-11-19 17:23:29 INFO  Environment:239 - HHH000206: hibernate.properties not found
2018-11-19 17:23:29 INFO  Environment:342 - HHH000021: Bytecode provider name : javassist
2018-11-19 17:23:29 INFO  Configuration:1920 - HHH000043: Configuring from resource: /hibernate.cfg.xml
2018-11-19 17:23:29 INFO  Configuration:1939 - HHH000040: Configuration resource: /hibernate.cfg.xml
2018-11-19 17:23:29 INFO  Configuration:714 - HHH000221: Reading mappings from resource: clases/Examen.hbm.xml
2018-11-19 17:23:29 INFO  Configuration:714 - HHH000221: Reading mappings from resource: clases/Alumne.hbm.xml
2018-11-19 17:23:29 INFO  Configuration:714 - HHH000221: Reading mappings from resource: clases/Vehicle.hbm.xml
2018-11-19 17:23:29 INFO  Configuration:714 - HHH000221: Reading mappings from resource: clases/Professor.hbm.xml
2018-11-19 17:23:29 INFO  Configuration:714 - HHH000221: Reading mappings from resource: clases/Practiques.hbm.xml
2018-11-19 17:23:29 INFO  Configuration:2061 - HHH000041: Configured SessionFactory: null
2018-11-19 17:23:29 INFO  DriverManagerConnectionProviderImpl:90 - HHH000402: Using Hibernate built-in connection pool (not for production use!)
2018-11-19 17:23:29 INFO  DriverManagerConnectionProviderImpl:110 - HHH000115: Hibernate connection pool size: 20
2018-11-19 17:23:29 INFO  DriverManagerConnectionProviderImpl:113 - HHH000006: Autocommit mode: false
2018-11-19 17:23:29 INFO  DriverManagerConnectionProviderImpl:127 - HHH000401: using driver [org.postgresql.Driver] at URL [jdbc:postgresql://89.36.214.106/autoescola]
2018-11-19 17:23:29 INFO  DriverManagerConnectionProviderImpl:132 - HHH000046: Connection properties: {password=****, user=autoescola}
2018-11-19 17:23:29 INFO  Dialect:121 - HHH000400: Using dialect: org.hibernate.dialect.PostgreSQLDialect
2018-11-19 17:23:29 INFO  LobCreatorBuilder:85 - HHH000422: Disabling contextual LOB creation as connection was null
2018-11-19 17:23:29 INFO  TransactionFactoryInitiator:68 - HHH000399: Using default transaction strategy (direct JDBC transactions)
2018-11-19 17:23:29 INFO  ASTQueryTranslatorFactory:48 - HHH000397: Using ASTQueryTranslatorFactory
2018-11-19 17:23:38 INFO  Version:37 - HCANN000001: Hibernate Commons Annotations {4.0.1.Final}
2018-11-19 17:23:38 INFO  Version:41 - HHH000412: Hibernate Core {4.0.1.Final}
2018-11-19 17:23:38 INFO  Environment:239 - HHH000206: hibernate.properties not found
2018-11-19 17:23:38 INFO  Environment:342 - HHH000021: Bytecode provider name : javassist
2018-11-19 17:23:38 INFO  Configuration:1920 - HHH000043: Configuring from resource: /hibernate.cfg.xml
2018-11-19 17:23:38 INFO  Configuration:1939 - HHH000040: Configuration resource: /hibernate.cfg.xml
2018-11-19 17:23:38 INFO  Configuration:714 - HHH000221: Reading mappings from resource: clases/Examen.hbm.xml
2018-11-19 17:23:38 INFO  Configuration:714 - HHH000221: Reading mappings from resource: clases/Alumne.hbm.xml
2018-11-19 17:23:38 INFO  Configuration:714 - HHH000221: Reading mappings from resource: clases/Vehicle.hbm.xml
2018-11-19 17:23:38 INFO  Configuration:714 - HHH000221: Reading mappings from resource: clases/Professor.hbm.xml
2018-11-19 17:23:38 INFO  Configuration:714 - HHH000221: Reading mappings from resource: clases/Practiques.hbm.xml
2018-11-19 17:23:38 INFO  Configuration:2061 - HHH000041: Configured SessionFactory: null
2018-11-19 17:23:38 INFO  DriverManagerConnectionProviderImpl:90 - HHH000402: Using Hibernate built-in connection pool (not for production use!)
2018-11-19 17:23:38 INFO  DriverManagerConnectionProviderImpl:110 - HHH000115: Hibernate connection pool size: 20
2018-11-19 17:23:38 INFO  DriverManagerConnectionProviderImpl:113 - HHH000006: Autocommit mode: false
2018-11-19 17:23:38 INFO  DriverManagerConnectionProviderImpl:127 - HHH000401: using driver [org.postgresql.Driver] at URL [jdbc:postgresql://89.36.214.106/autoescola]
2018-11-19 17:23:38 INFO  DriverManagerConnectionProviderImpl:132 - HHH000046: Connection properties: {password=****, user=autoescola}
2018-11-19 17:23:38 INFO  Dialect:121 - HHH000400: Using dialect: org.hibernate.dialect.PostgreSQLDialect
2018-11-19 17:23:38 INFO  LobCreatorBuilder:85 - HHH000422: Disabling contextual LOB creation as connection was null
2018-11-19 17:23:38 INFO  TransactionFactoryInitiator:68 - HHH000399: Using default transaction strategy (direct JDBC transactions)
2018-11-19 17:23:38 INFO  ASTQueryTranslatorFactory:48 - HHH000397: Using ASTQueryTranslatorFactory
2018-11-19 17:24:07 INFO  Version:37 - HCANN000001: Hibernate Commons Annotations {4.0.1.Final}
2018-11-19 17:24:07 INFO  Version:41 - HHH000412: Hibernate Core {4.0.1.Final}
2018-11-19 17:24:07 INFO  Environment:239 - HHH000206: hibernate.properties not found
2018-11-19 17:24:07 INFO  Environment:342 - HHH000021: Bytecode provider name : javassist
2018-11-19 17:24:07 INFO  Configuration:1920 - HHH000043: Configuring from resource: /hibernate.cfg.xml
2018-11-19 17:24:07 INFO  Configuration:1939 - HHH000040: Configuration resource: /hibernate.cfg.xml
2018-11-19 17:24:07 INFO  Configuration:714 - HHH000221: Reading mappings from resource: clases/Examen.hbm.xml
2018-11-19 17:24:07 INFO  Configuration:714 - HHH000221: Reading mappings from resource: clases/Alumne.hbm.xml
2018-11-19 17:24:07 INFO  Configuration:714 - HHH000221: Reading mappings from resource: clases/Vehicle.hbm.xml
2018-11-19 17:24:07 INFO  Configuration:714 - HHH000221: Reading mappings from resource: clases/Professor.hbm.xml
2018-11-19 17:24:07 INFO  Configuration:714 - HHH000221: Reading mappings from resource: clases/Practiques.hbm.xml
2018-11-19 17:24:07 INFO  Configuration:2061 - HHH000041: Configured SessionFactory: null
2018-11-19 17:24:08 INFO  DriverManagerConnectionProviderImpl:90 - HHH000402: Using Hibernate built-in connection pool (not for production use!)
2018-11-19 17:24:08 INFO  DriverManagerConnectionProviderImpl:110 - HHH000115: Hibernate connection pool size: 20
2018-11-19 17:24:08 INFO  DriverManagerConnectionProviderImpl:113 - HHH000006: Autocommit mode: false
2018-11-19 17:24:08 INFO  DriverManagerConnectionProviderImpl:127 - HHH000401: using driver [org.postgresql.Driver] at URL [jdbc:postgresql://89.36.214.106/autoescola]
2018-11-19 17:24:08 INFO  DriverManagerConnectionProviderImpl:132 - HHH000046: Connection properties: {password=****, user=autoescola}
2018-11-19 17:24:08 INFO  Dialect:121 - HHH000400: Using dialect: org.hibernate.dialect.PostgreSQLDialect
2018-11-19 17:24:08 INFO  LobCreatorBuilder:85 - HHH000422: Disabling contextual LOB creation as connection was null
2018-11-19 17:24:08 INFO  TransactionFactoryInitiator:68 - HHH000399: Using default transaction strategy (direct JDBC transactions)
2018-11-19 17:24:08 INFO  ASTQueryTranslatorFactory:48 - HHH000397: Using ASTQueryTranslatorFactory
2018-11-19 17:24:23 INFO  Version:37 - HCANN000001: Hibernate Commons Annotations {4.0.1.Final}
2018-11-19 17:24:23 INFO  Version:41 - HHH000412: Hibernate Core {4.0.1.Final}
2018-11-19 17:24:23 INFO  Environment:239 - HHH000206: hibernate.properties not found
2018-11-19 17:24:23 INFO  Environment:342 - HHH000021: Bytecode provider name : javassist
2018-11-19 17:24:23 INFO  Configuration:1920 - HHH000043: Configuring from resource: /hibernate.cfg.xml
2018-11-19 17:24:23 INFO  Configuration:1939 - HHH000040: Configuration resource: /hibernate.cfg.xml
2018-11-19 17:24:23 INFO  Configuration:714 - HHH000221: Reading mappings from resource: clases/Examen.hbm.xml
2018-11-19 17:24:23 INFO  Configuration:714 - HHH000221: Reading mappings from resource: clases/Alumne.hbm.xml
2018-11-19 17:24:23 INFO  Configuration:714 - HHH000221: Reading mappings from resource: clases/Vehicle.hbm.xml
2018-11-19 17:24:23 INFO  Configuration:714 - HHH000221: Reading mappings from resource: clases/Professor.hbm.xml
2018-11-19 17:24:23 INFO  Configuration:714 - HHH000221: Reading mappings from resource: clases/Practiques.hbm.xml
2018-11-19 17:24:23 INFO  Configuration:2061 - HHH000041: Configured SessionFactory: null
2018-11-19 17:24:24 INFO  DriverManagerConnectionProviderImpl:90 - HHH000402: Using Hibernate built-in connection pool (not for production use!)
2018-11-19 17:24:24 INFO  DriverManagerConnectionProviderImpl:110 - HHH000115: Hibernate connection pool size: 20
2018-11-19 17:24:24 INFO  DriverManagerConnectionProviderImpl:113 - HHH000006: Autocommit mode: false
2018-11-19 17:24:24 INFO  DriverManagerConnectionProviderImpl:127 - HHH000401: using driver [org.postgresql.Driver] at URL [jdbc:postgresql://89.36.214.106/autoescola]
2018-11-19 17:24:24 INFO  DriverManagerConnectionProviderImpl:132 - HHH000046: Connection properties: {password=****, user=autoescola}
2018-11-19 17:24:24 INFO  Dialect:121 - HHH000400: Using dialect: org.hibernate.dialect.PostgreSQLDialect
2018-11-19 17:24:24 INFO  LobCreatorBuilder:85 - HHH000422: Disabling contextual LOB creation as connection was null
2018-11-19 17:24:24 INFO  TransactionFactoryInitiator:68 - HHH000399: Using default transaction strategy (direct JDBC transactions)
2018-11-19 17:24:24 INFO  ASTQueryTranslatorFactory:48 - HHH000397: Using ASTQueryTranslatorFactory
2018-11-19 17:29:05 INFO  Version:37 - HCANN000001: Hibernate Commons Annotations {4.0.1.Final}
2018-11-19 17:29:05 INFO  Version:41 - HHH000412: Hibernate Core {4.0.1.Final}
2018-11-19 17:29:05 INFO  Environment:239 - HHH000206: hibernate.properties not found
2018-11-19 17:29:05 INFO  Environment:342 - HHH000021: Bytecode provider name : javassist
2018-11-19 17:29:05 INFO  Configuration:1920 - HHH000043: Configuring from resource: /hibernate.cfg.xml
2018-11-19 17:29:05 INFO  Configuration:1939 - HHH000040: Configuration resource: /hibernate.cfg.xml
2018-11-19 17:29:05 INFO  Configuration:714 - HHH000221: Reading mappings from resource: clases/Examen.hbm.xml
2018-11-19 17:29:05 INFO  Configuration:714 - HHH000221: Reading mappings from resource: clases/Alumne.hbm.xml
2018-11-19 17:29:05 INFO  Configuration:714 - HHH000221: Reading mappings from resource: clases/Vehicle.hbm.xml
2018-11-19 17:29:05 INFO  Configuration:714 - HHH000221: Reading mappings from resource: clases/Professor.hbm.xml
2018-11-19 17:29:05 INFO  Configuration:714 - HHH000221: Reading mappings from resource: clases/Practiques.hbm.xml
2018-11-19 17:29:05 INFO  Configuration:2061 - HHH000041: Configured SessionFactory: null
2018-11-19 17:29:06 INFO  DriverManagerConnectionProviderImpl:90 - HHH000402: Using Hibernate built-in connection pool (not for production use!)
2018-11-19 17:29:06 INFO  DriverManagerConnectionProviderImpl:110 - HHH000115: Hibernate connection pool size: 20
2018-11-19 17:29:06 INFO  DriverManagerConnectionProviderImpl:113 - HHH000006: Autocommit mode: false
2018-11-19 17:29:06 INFO  DriverManagerConnectionProviderImpl:127 - HHH000401: using driver [org.postgresql.Driver] at URL [jdbc:postgresql://89.36.214.106/autoescola]
2018-11-19 17:29:06 INFO  DriverManagerConnectionProviderImpl:132 - HHH000046: Connection properties: {password=****, user=autoescola}
2018-11-19 17:29:06 INFO  Dialect:121 - HHH000400: Using dialect: org.hibernate.dialect.PostgreSQLDialect
2018-11-19 17:29:06 INFO  LobCreatorBuilder:85 - HHH000422: Disabling contextual LOB creation as connection was null
2018-11-19 17:29:06 INFO  TransactionFactoryInitiator:68 - HHH000399: Using default transaction strategy (direct JDBC transactions)
2018-11-19 17:29:06 INFO  ASTQueryTranslatorFactory:48 - HHH000397: Using ASTQueryTranslatorFactory
2018-11-19 17:30:04 INFO  Version:37 - HCANN000001: Hibernate Commons Annotations {4.0.1.Final}
2018-11-19 17:30:04 INFO  Version:41 - HHH000412: Hibernate Core {4.0.1.Final}
2018-11-19 17:30:04 INFO  Environment:239 - HHH000206: hibernate.properties not found
2018-11-19 17:30:04 INFO  Environment:342 - HHH000021: Bytecode provider name : javassist
2018-11-19 17:30:04 INFO  Configuration:1920 - HHH000043: Configuring from resource: /hibernate.cfg.xml
2018-11-19 17:30:04 INFO  Configuration:1939 - HHH000040: Configuration resource: /hibernate.cfg.xml
2018-11-19 17:30:04 INFO  Configuration:714 - HHH000221: Reading mappings from resource: clases/Examen.hbm.xml
2018-11-19 17:30:04 INFO  Configuration:714 - HHH000221: Reading mappings from resource: clases/Alumne.hbm.xml
2018-11-19 17:30:04 INFO  Configuration:714 - HHH000221: Reading mappings from resource: clases/Vehicle.hbm.xml
2018-11-19 17:30:04 INFO  Configuration:714 - HHH000221: Reading mappings from resource: clases/Professor.hbm.xml
2018-11-19 17:30:04 INFO  Configuration:714 - HHH000221: Reading mappings from resource: clases/Practiques.hbm.xml
2018-11-19 17:30:04 INFO  Configuration:2061 - HHH000041: Configured SessionFactory: null
2018-11-19 17:30:05 INFO  DriverManagerConnectionProviderImpl:90 - HHH000402: Using Hibernate built-in connection pool (not for production use!)
2018-11-19 17:30:05 INFO  DriverManagerConnectionProviderImpl:110 - HHH000115: Hibernate connection pool size: 20
2018-11-19 17:30:05 INFO  DriverManagerConnectionProviderImpl:113 - HHH000006: Autocommit mode: false
2018-11-19 17:30:05 INFO  DriverManagerConnectionProviderImpl:127 - HHH000401: using driver [org.postgresql.Driver] at URL [jdbc:postgresql://89.36.214.106/autoescola]
2018-11-19 17:30:05 INFO  DriverManagerConnectionProviderImpl:132 - HHH000046: Connection properties: {password=****, user=autoescola}
2018-11-19 17:30:05 INFO  Dialect:121 - HHH000400: Using dialect: org.hibernate.dialect.PostgreSQLDialect
2018-11-19 17:30:05 INFO  LobCreatorBuilder:85 - HHH000422: Disabling contextual LOB creation as connection was null
2018-11-19 17:30:05 INFO  TransactionFactoryInitiator:68 - HHH000399: Using default transaction strategy (direct JDBC transactions)
2018-11-19 17:30:05 INFO  ASTQueryTranslatorFactory:48 - HHH000397: Using ASTQueryTranslatorFactory
2018-11-19 17:30:19 INFO  Version:37 - HCANN000001: Hibernate Commons Annotations {4.0.1.Final}
2018-11-19 17:30:19 INFO  Version:41 - HHH000412: Hibernate Core {4.0.1.Final}
2018-11-19 17:30:19 INFO  Environment:239 - HHH000206: hibernate.properties not found
2018-11-19 17:30:19 INFO  Environment:342 - HHH000021: Bytecode provider name : javassist
2018-11-19 17:30:19 INFO  Configuration:1920 - HHH000043: Configuring from resource: /hibernate.cfg.xml
2018-11-19 17:30:19 INFO  Configuration:1939 - HHH000040: Configuration resource: /hibernate.cfg.xml
2018-11-19 17:30:19 INFO  Configuration:714 - HHH000221: Reading mappings from resource: clases/Examen.hbm.xml
2018-11-19 17:30:19 INFO  Configuration:714 - HHH000221: Reading mappings from resource: clases/Alumne.hbm.xml
2018-11-19 17:30:19 INFO  Configuration:714 - HHH000221: Reading mappings from resource: clases/Vehicle.hbm.xml
2018-11-19 17:30:19 INFO  Configuration:714 - HHH000221: Reading mappings from resource: clases/Professor.hbm.xml
2018-11-19 17:30:19 INFO  Configuration:714 - HHH000221: Reading mappings from resource: clases/Practiques.hbm.xml
2018-11-19 17:30:19 INFO  Configuration:2061 - HHH000041: Configured SessionFactory: null
2018-11-19 17:30:19 INFO  DriverManagerConnectionProviderImpl:90 - HHH000402: Using Hibernate built-in connection pool (not for production use!)
2018-11-19 17:30:19 INFO  DriverManagerConnectionProviderImpl:110 - HHH000115: Hibernate connection pool size: 20
2018-11-19 17:30:19 INFO  DriverManagerConnectionProviderImpl:113 - HHH000006: Autocommit mode: false
2018-11-19 17:30:19 INFO  DriverManagerConnectionProviderImpl:127 - HHH000401: using driver [org.postgresql.Driver] at URL [jdbc:postgresql://89.36.214.106/autoescola]
2018-11-19 17:30:19 INFO  DriverManagerConnectionProviderImpl:132 - HHH000046: Connection properties: {password=****, user=autoescola}
2018-11-19 17:30:19 INFO  Dialect:121 - HHH000400: Using dialect: org.hibernate.dialect.PostgreSQLDialect
2018-11-19 17:30:19 INFO  LobCreatorBuilder:85 - HHH000422: Disabling contextual LOB creation as connection was null
2018-11-19 17:30:19 INFO  TransactionFactoryInitiator:68 - HHH000399: Using default transaction strategy (direct JDBC transactions)
2018-11-19 17:30:19 INFO  ASTQueryTranslatorFactory:48 - HHH000397: Using ASTQueryTranslatorFactory
2018-11-19 17:30:28 INFO  Version:37 - HCANN000001: Hibernate Commons Annotations {4.0.1.Final}
2018-11-19 17:30:28 INFO  Version:41 - HHH000412: Hibernate Core {4.0.1.Final}
2018-11-19 17:30:28 INFO  Environment:239 - HHH000206: hibernate.properties not found
2018-11-19 17:30:28 INFO  Environment:342 - HHH000021: Bytecode provider name : javassist
2018-11-19 17:30:28 INFO  Configuration:1920 - HHH000043: Configuring from resource: /hibernate.cfg.xml
2018-11-19 17:30:28 INFO  Configuration:1939 - HHH000040: Configuration resource: /hibernate.cfg.xml
2018-11-19 17:30:28 INFO  Configuration:714 - HHH000221: Reading mappings from resource: clases/Examen.hbm.xml
2018-11-19 17:30:28 INFO  Configuration:714 - HHH000221: Reading mappings from resource: clases/Alumne.hbm.xml
2018-11-19 17:30:28 INFO  Configuration:714 - HHH000221: Reading mappings from resource: clases/Vehicle.hbm.xml
2018-11-19 17:30:28 INFO  Configuration:714 - HHH000221: Reading mappings from resource: clases/Professor.hbm.xml
2018-11-19 17:30:28 INFO  Configuration:714 - HHH000221: Reading mappings from resource: clases/Practiques.hbm.xml
2018-11-19 17:30:28 INFO  Configuration:2061 - HHH000041: Configured SessionFactory: null
2018-11-19 17:30:29 INFO  DriverManagerConnectionProviderImpl:90 - HHH000402: Using Hibernate built-in connection pool (not for production use!)
2018-11-19 17:30:29 INFO  DriverManagerConnectionProviderImpl:110 - HHH000115: Hibernate connection pool size: 20
2018-11-19 17:30:29 INFO  DriverManagerConnectionProviderImpl:113 - HHH000006: Autocommit mode: false
2018-11-19 17:30:29 INFO  DriverManagerConnectionProviderImpl:127 - HHH000401: using driver [org.postgresql.Driver] at URL [jdbc:postgresql://89.36.214.106/autoescola]
2018-11-19 17:30:29 INFO  DriverManagerConnectionProviderImpl:132 - HHH000046: Connection properties: {password=****, user=autoescola}
2018-11-19 17:30:29 INFO  Dialect:121 - HHH000400: Using dialect: org.hibernate.dialect.PostgreSQLDialect
2018-11-19 17:30:29 INFO  LobCreatorBuilder:85 - HHH000422: Disabling contextual LOB creation as connection was null
2018-11-19 17:30:29 INFO  TransactionFactoryInitiator:68 - HHH000399: Using default transaction strategy (direct JDBC transactions)
2018-11-19 17:30:29 INFO  ASTQueryTranslatorFactory:48 - HHH000397: Using ASTQueryTranslatorFactory
2018-11-19 17:30:41 INFO  Version:37 - HCANN000001: Hibernate Commons Annotations {4.0.1.Final}
2018-11-19 17:30:41 INFO  Version:41 - HHH000412: Hibernate Core {4.0.1.Final}
2018-11-19 17:30:41 INFO  Environment:239 - HHH000206: hibernate.properties not found
2018-11-19 17:30:41 INFO  Environment:342 - HHH000021: Bytecode provider name : javassist
2018-11-19 17:30:41 INFO  Configuration:1920 - HHH000043: Configuring from resource: /hibernate.cfg.xml
2018-11-19 17:30:41 INFO  Configuration:1939 - HHH000040: Configuration resource: /hibernate.cfg.xml
2018-11-19 17:30:42 INFO  Configuration:714 - HHH000221: Reading mappings from resource: clases/Examen.hbm.xml
2018-11-19 17:30:42 INFO  Configuration:714 - HHH000221: Reading mappings from resource: clases/Alumne.hbm.xml
2018-11-19 17:30:42 INFO  Configuration:714 - HHH000221: Reading mappings from resource: clases/Vehicle.hbm.xml
2018-11-19 17:30:42 INFO  Configuration:714 - HHH000221: Reading mappings from resource: clases/Professor.hbm.xml
2018-11-19 17:30:42 INFO  Configuration:714 - HHH000221: Reading mappings from resource: clases/Practiques.hbm.xml
2018-11-19 17:30:42 INFO  Configuration:2061 - HHH000041: Configured SessionFactory: null
2018-11-19 17:30:42 INFO  DriverManagerConnectionProviderImpl:90 - HHH000402: Using Hibernate built-in connection pool (not for production use!)
2018-11-19 17:30:42 INFO  DriverManagerConnectionProviderImpl:110 - HHH000115: Hibernate connection pool size: 20
2018-11-19 17:30:42 INFO  DriverManagerConnectionProviderImpl:113 - HHH000006: Autocommit mode: false
2018-11-19 17:30:42 INFO  DriverManagerConnectionProviderImpl:127 - HHH000401: using driver [org.postgresql.Driver] at URL [jdbc:postgresql://89.36.214.106/autoescola]
2018-11-19 17:30:42 INFO  DriverManagerConnectionProviderImpl:132 - HHH000046: Connection properties: {password=****, user=autoescola}
2018-11-19 17:30:42 INFO  Dialect:121 - HHH000400: Using dialect: org.hibernate.dialect.PostgreSQLDialect
2018-11-19 17:30:42 INFO  LobCreatorBuilder:85 - HHH000422: Disabling contextual LOB creation as connection was null
2018-11-19 17:30:42 INFO  TransactionFactoryInitiator:68 - HHH000399: Using default transaction strategy (direct JDBC transactions)
2018-11-19 17:30:42 INFO  ASTQueryTranslatorFactory:48 - HHH000397: Using ASTQueryTranslatorFactory
2018-11-19 17:31:18 INFO  Version:37 - HCANN000001: Hibernate Commons Annotations {4.0.1.Final}
2018-11-19 17:31:18 INFO  Version:41 - HHH000412: Hibernate Core {4.0.1.Final}
2018-11-19 17:31:18 INFO  Environment:239 - HHH000206: hibernate.properties not found
2018-11-19 17:31:18 INFO  Environment:342 - HHH000021: Bytecode provider name : javassist
2018-11-19 17:31:18 INFO  Configuration:1920 - HHH000043: Configuring from resource: /hibernate.cfg.xml
2018-11-19 17:31:18 INFO  Configuration:1939 - HHH000040: Configuration resource: /hibernate.cfg.xml
2018-11-19 17:31:19 INFO  Configuration:714 - HHH000221: Reading mappings from resource: clases/Examen.hbm.xml
2018-11-19 17:31:19 INFO  Configuration:714 - HHH000221: Reading mappings from resource: clases/Alumne.hbm.xml
2018-11-19 17:31:19 INFO  Configuration:714 - HHH000221: Reading mappings from resource: clases/Vehicle.hbm.xml
2018-11-19 17:31:19 INFO  Configuration:714 - HHH000221: Reading mappings from resource: clases/Professor.hbm.xml
2018-11-19 17:31:19 INFO  Configuration:714 - HHH000221: Reading mappings from resource: clases/Practiques.hbm.xml
2018-11-19 17:31:19 INFO  Configuration:2061 - HHH000041: Configured SessionFactory: null
2018-11-19 17:31:19 INFO  DriverManagerConnectionProviderImpl:90 - HHH000402: Using Hibernate built-in connection pool (not for production use!)
2018-11-19 17:31:19 INFO  DriverManagerConnectionProviderImpl:110 - HHH000115: Hibernate connection pool size: 20
2018-11-19 17:31:19 INFO  DriverManagerConnectionProviderImpl:113 - HHH000006: Autocommit mode: false
2018-11-19 17:31:19 INFO  DriverManagerConnectionProviderImpl:127 - HHH000401: using driver [org.postgresql.Driver] at URL [jdbc:postgresql://89.36.214.106/autoescola]
2018-11-19 17:31:19 INFO  DriverManagerConnectionProviderImpl:132 - HHH000046: Connection properties: {password=****, user=autoescola}
2018-11-19 17:31:19 INFO  Dialect:121 - HHH000400: Using dialect: org.hibernate.dialect.PostgreSQLDialect
2018-11-19 17:31:19 INFO  LobCreatorBuilder:85 - HHH000422: Disabling contextual LOB creation as connection was null
2018-11-19 17:31:19 INFO  TransactionFactoryInitiator:68 - HHH000399: Using default transaction strategy (direct JDBC transactions)
2018-11-19 17:31:19 INFO  ASTQueryTranslatorFactory:48 - HHH000397: Using ASTQueryTranslatorFactory
2018-11-19 17:31:33 INFO  Version:37 - HCANN000001: Hibernate Commons Annotations {4.0.1.Final}
2018-11-19 17:31:33 INFO  Version:41 - HHH000412: Hibernate Core {4.0.1.Final}
2018-11-19 17:31:33 INFO  Environment:239 - HHH000206: hibernate.properties not found
2018-11-19 17:31:33 INFO  Environment:342 - HHH000021: Bytecode provider name : javassist
2018-11-19 17:31:33 INFO  Configuration:1920 - HHH000043: Configuring from resource: /hibernate.cfg.xml
2018-11-19 17:31:33 INFO  Configuration:1939 - HHH000040: Configuration resource: /hibernate.cfg.xml
2018-11-19 17:31:33 INFO  Configuration:714 - HHH000221: Reading mappings from resource: clases/Examen.hbm.xml
2018-11-19 17:31:33 INFO  Configuration:714 - HHH000221: Reading mappings from resource: clases/Alumne.hbm.xml
2018-11-19 17:31:33 INFO  Configuration:714 - HHH000221: Reading mappings from resource: clases/Vehicle.hbm.xml
2018-11-19 17:31:33 INFO  Configuration:714 - HHH000221: Reading mappings from resource: clases/Professor.hbm.xml
2018-11-19 17:31:33 INFO  Configuration:714 - HHH000221: Reading mappings from resource: clases/Practiques.hbm.xml
2018-11-19 17:31:33 INFO  Configuration:2061 - HHH000041: Configured SessionFactory: null
2018-11-19 17:31:33 INFO  DriverManagerConnectionProviderImpl:90 - HHH000402: Using Hibernate built-in connection pool (not for production use!)
2018-11-19 17:31:33 INFO  DriverManagerConnectionProviderImpl:110 - HHH000115: Hibernate connection pool size: 20
2018-11-19 17:31:33 INFO  DriverManagerConnectionProviderImpl:113 - HHH000006: Autocommit mode: false
2018-11-19 17:31:33 INFO  DriverManagerConnectionProviderImpl:127 - HHH000401: using driver [org.postgresql.Driver] at URL [jdbc:postgresql://89.36.214.106/autoescola]
2018-11-19 17:31:33 INFO  DriverManagerConnectionProviderImpl:132 - HHH000046: Connection properties: {password=****, user=autoescola}
2018-11-19 17:31:33 INFO  Dialect:121 - HHH000400: Using dialect: org.hibernate.dialect.PostgreSQLDialect
2018-11-19 17:31:33 INFO  LobCreatorBuilder:85 - HHH000422: Disabling contextual LOB creation as connection was null
2018-11-19 17:31:33 INFO  TransactionFactoryInitiator:68 - HHH000399: Using default transaction strategy (direct JDBC transactions)
2018-11-19 17:31:33 INFO  ASTQueryTranslatorFactory:48 - HHH000397: Using ASTQueryTranslatorFactory
2018-11-19 17:31:44 INFO  Version:37 - HCANN000001: Hibernate Commons Annotations {4.0.1.Final}
2018-11-19 17:31:44 INFO  Version:41 - HHH000412: Hibernate Core {4.0.1.Final}
2018-11-19 17:31:44 INFO  Environment:239 - HHH000206: hibernate.properties not found
2018-11-19 17:31:44 INFO  Environment:342 - HHH000021: Bytecode provider name : javassist
2018-11-19 17:31:44 INFO  Configuration:1920 - HHH000043: Configuring from resource: /hibernate.cfg.xml
2018-11-19 17:31:44 INFO  Configuration:1939 - HHH000040: Configuration resource: /hibernate.cfg.xml
2018-11-19 17:31:44 INFO  Configuration:714 - HHH000221: Reading mappings from resource: clases/Examen.hbm.xml
2018-11-19 17:31:44 INFO  Configuration:714 - HHH000221: Reading mappings from resource: clases/Alumne.hbm.xml
2018-11-19 17:31:44 INFO  Configuration:714 - HHH000221: Reading mappings from resource: clases/Vehicle.hbm.xml
2018-11-19 17:31:44 INFO  Configuration:714 - HHH000221: Reading mappings from resource: clases/Professor.hbm.xml
2018-11-19 17:31:44 INFO  Configuration:714 - HHH000221: Reading mappings from resource: clases/Practiques.hbm.xml
2018-11-19 17:31:44 INFO  Configuration:2061 - HHH000041: Configured SessionFactory: null
2018-11-19 17:31:44 INFO  DriverManagerConnectionProviderImpl:90 - HHH000402: Using Hibernate built-in connection pool (not for production use!)
2018-11-19 17:31:44 INFO  DriverManagerConnectionProviderImpl:110 - HHH000115: Hibernate connection pool size: 20
2018-11-19 17:31:44 INFO  DriverManagerConnectionProviderImpl:113 - HHH000006: Autocommit mode: false
2018-11-19 17:31:44 INFO  DriverManagerConnectionProviderImpl:127 - HHH000401: using driver [org.postgresql.Driver] at URL [jdbc:postgresql://89.36.214.106/autoescola]
2018-11-19 17:31:44 INFO  DriverManagerConnectionProviderImpl:132 - HHH000046: Connection properties: {password=****, user=autoescola}
2018-11-19 17:31:44 INFO  Dialect:121 - HHH000400: Using dialect: org.hibernate.dialect.PostgreSQLDialect
2018-11-19 17:31:44 INFO  LobCreatorBuilder:85 - HHH000422: Disabling contextual LOB creation as connection was null
2018-11-19 17:31:44 INFO  TransactionFactoryInitiator:68 - HHH000399: Using default transaction strategy (direct JDBC transactions)
2018-11-19 17:31:44 INFO  ASTQueryTranslatorFactory:48 - HHH000397: Using ASTQueryTranslatorFactory
2018-11-19 17:31:59 INFO  Version:37 - HCANN000001: Hibernate Commons Annotations {4.0.1.Final}
2018-11-19 17:31:59 INFO  Version:41 - HHH000412: Hibernate Core {4.0.1.Final}
2018-11-19 17:31:59 INFO  Environment:239 - HHH000206: hibernate.properties not found
2018-11-19 17:31:59 INFO  Environment:342 - HHH000021: Bytecode provider name : javassist
2018-11-19 17:31:59 INFO  Configuration:1920 - HHH000043: Configuring from resource: /hibernate.cfg.xml
2018-11-19 17:31:59 INFO  Configuration:1939 - HHH000040: Configuration resource: /hibernate.cfg.xml
2018-11-19 17:31:59 INFO  Configuration:714 - HHH000221: Reading mappings from resource: clases/Examen.hbm.xml
2018-11-19 17:31:59 INFO  Configuration:714 - HHH000221: Reading mappings from resource: clases/Alumne.hbm.xml
2018-11-19 17:31:59 INFO  Configuration:714 - HHH000221: Reading mappings from resource: clases/Vehicle.hbm.xml
2018-11-19 17:31:59 INFO  Configuration:714 - HHH000221: Reading mappings from resource: clases/Professor.hbm.xml
2018-11-19 17:31:59 INFO  Configuration:714 - HHH000221: Reading mappings from resource: clases/Practiques.hbm.xml
2018-11-19 17:31:59 INFO  Configuration:2061 - HHH000041: Configured SessionFactory: null
2018-11-19 17:32:00 INFO  DriverManagerConnectionProviderImpl:90 - HHH000402: Using Hibernate built-in connection pool (not for production use!)
2018-11-19 17:32:00 INFO  DriverManagerConnectionProviderImpl:110 - HHH000115: Hibernate connection pool size: 20
2018-11-19 17:32:00 INFO  DriverManagerConnectionProviderImpl:113 - HHH000006: Autocommit mode: false
2018-11-19 17:32:00 INFO  DriverManagerConnectionProviderImpl:127 - HHH000401: using driver [org.postgresql.Driver] at URL [jdbc:postgresql://89.36.214.106/autoescola]
2018-11-19 17:32:00 INFO  DriverManagerConnectionProviderImpl:132 - HHH000046: Connection properties: {password=****, user=autoescola}
2018-11-19 17:32:00 INFO  Dialect:121 - HHH000400: Using dialect: org.hibernate.dialect.PostgreSQLDialect
2018-11-19 17:32:00 INFO  LobCreatorBuilder:85 - HHH000422: Disabling contextual LOB creation as connection was null
2018-11-19 17:32:00 INFO  TransactionFactoryInitiator:68 - HHH000399: Using default transaction strategy (direct JDBC transactions)
2018-11-19 17:32:00 INFO  ASTQueryTranslatorFactory:48 - HHH000397: Using ASTQueryTranslatorFactory
2018-11-19 17:32:20 INFO  Version:37 - HCANN000001: Hibernate Commons Annotations {4.0.1.Final}
2018-11-19 17:32:20 INFO  Version:41 - HHH000412: Hibernate Core {4.0.1.Final}
2018-11-19 17:32:20 INFO  Environment:239 - HHH000206: hibernate.properties not found
2018-11-19 17:32:20 INFO  Environment:342 - HHH000021: Bytecode provider name : javassist
2018-11-19 17:32:20 INFO  Configuration:1920 - HHH000043: Configuring from resource: /hibernate.cfg.xml
2018-11-19 17:32:20 INFO  Configuration:1939 - HHH000040: Configuration resource: /hibernate.cfg.xml
2018-11-19 17:32:20 INFO  Configuration:714 - HHH000221: Reading mappings from resource: clases/Examen.hbm.xml
2018-11-19 17:32:20 INFO  Configuration:714 - HHH000221: Reading mappings from resource: clases/Alumne.hbm.xml
2018-11-19 17:32:20 INFO  Configuration:714 - HHH000221: Reading mappings from resource: clases/Vehicle.hbm.xml
2018-11-19 17:32:20 INFO  Configuration:714 - HHH000221: Reading mappings from resource: clases/Professor.hbm.xml
2018-11-19 17:32:20 INFO  Configuration:714 - HHH000221: Reading mappings from resource: clases/Practiques.hbm.xml
2018-11-19 17:32:20 INFO  Configuration:2061 - HHH000041: Configured SessionFactory: null
2018-11-19 17:32:20 INFO  DriverManagerConnectionProviderImpl:90 - HHH000402: Using Hibernate built-in connection pool (not for production use!)
2018-11-19 17:32:20 INFO  DriverManagerConnectionProviderImpl:110 - HHH000115: Hibernate connection pool size: 20
2018-11-19 17:32:20 INFO  DriverManagerConnectionProviderImpl:113 - HHH000006: Autocommit mode: false
2018-11-19 17:32:20 INFO  DriverManagerConnectionProviderImpl:127 - HHH000401: using driver [org.postgresql.Driver] at URL [jdbc:postgresql://89.36.214.106/autoescola]
2018-11-19 17:32:20 INFO  DriverManagerConnectionProviderImpl:132 - HHH000046: Connection properties: {password=****, user=autoescola}
2018-11-19 17:32:20 INFO  Dialect:121 - HHH000400: Using dialect: org.hibernate.dialect.PostgreSQLDialect
2018-11-19 17:32:20 INFO  LobCreatorBuilder:85 - HHH000422: Disabling contextual LOB creation as connection was null
2018-11-19 17:32:20 INFO  TransactionFactoryInitiator:68 - HHH000399: Using default transaction strategy (direct JDBC transactions)
2018-11-19 17:32:20 INFO  ASTQueryTranslatorFactory:48 - HHH000397: Using ASTQueryTranslatorFactory
